<?xml version="1.0" encoding="UTF-8"?>
<!-- Generated by org.testng.reporters.JUnitXMLReporter -->
<testsuite ignored="0" hostname="Vj" failures="0" tests="6" name="Test" time="21.753" errors="0" timestamp="2024-07-03T15:09:59 IST">
  <testcase classname="automation_challenge.Test_1" name="test_1" time="1.164"/>
  <testcase classname="automation_challenge.Test_2" name="test_2" time="0.115"/>
  <testcase classname="automation_challenge.Test_3" name="test_3" time="2.257"/>
  <testcase classname="automation_challenge.Test_4" name="test_4" time="0.101"/>
  <testcase classname="automation_challenge.Test_5" name="test_5" time="4.163"/>
  <testcase classname="automation_challenge.Test_6" name="test_6" time="0.103"/>
</testsuite> <!-- Test -->
