<?xml version="1.0" encoding="UTF-8"?>
<testng-results ignored="0" total="6" passed="6" failed="0" skipped="0">
  <reporter-output>
    <line>
      <![CDATA[Three values present in the listgroup]]>
    </line>
    <line>
      <![CDATA[Second list item value is List Item 2]]>
    </line>
    <line>
      <![CDATA[Second list item's badge value is 6]]>
    </line>
    <line>
      <![CDATA[OPTION 1 IS SELECTED DEFAULTLY]]>
    </line>
    <line>
      <![CDATA[Option 3 selected]]>
    </line>
    <line>
      <![CDATA[First button is enabled]]>
    </line>
    <line>
      <![CDATA[Second button is disabled]]>
    </line>
    <line>
      <![CDATA[Success message is displayed-->You clicked a button!]]>
    </line>
    <line>
      <![CDATA[Button is disabled]]>
    </line>
    <line>
      <![CDATA[First Name Last Name App Name]]>
    </line>
    <line>
      <![CDATA[Value of the cell is Ventosanzap]]>
    </line>
  </reporter-output>
  <suite started-at="2024-07-03T15:09:37 IST" name="Suite" finished-at="2024-07-03T15:09:59 IST" duration-ms="21753">
    <groups>
    </groups>
    <test started-at="2024-07-03T15:09:37 IST" name="Test" finished-at="2024-07-03T15:09:59 IST" duration-ms="21753">
      <class name="automation_challenge.Test_6">
        <test-method is-config="true" signature="browserLaunch()[pri:0, instance:automation_challenge.Test_6@1530c739]" started-at="2024-07-03T15:09:57 IST" name="browserLaunch" finished-at="2024-07-03T15:09:59 IST" duration-ms="1805" status="PASS">
          <reporter-output>
          </reporter-output>
        </test-method> <!-- browserLaunch -->
        <test-method signature="test_6()[pri:0, instance:automation_challenge.Test_6@1530c739]" started-at="2024-07-03T15:09:59 IST" name="test_6" finished-at="2024-07-03T15:09:59 IST" duration-ms="103" status="PASS">
          <reporter-output>
            <line>
              <![CDATA[First Name Last Name App Name]]>
            </line>
            <line>
              <![CDATA[Value of the cell is Ventosanzap]]>
            </line>
          </reporter-output>
        </test-method> <!-- test_6 -->
        <test-method is-config="true" signature="quitBrowser()[pri:0, instance:automation_challenge.Test_6@1530c739]" started-at="2024-07-03T15:09:59 IST" name="quitBrowser" finished-at="2024-07-03T15:09:59 IST" duration-ms="197" status="PASS">
          <reporter-output>
          </reporter-output>
        </test-method> <!-- quitBrowser -->
      </class> <!-- automation_challenge.Test_6 -->
      <class name="automation_challenge.Test_4">
        <test-method is-config="true" signature="browserLaunch()[pri:0, instance:automation_challenge.Test_4@53fe15ff]" started-at="2024-07-03T15:09:49 IST" name="browserLaunch" finished-at="2024-07-03T15:09:50 IST" duration-ms="1670" status="PASS">
          <reporter-output>
          </reporter-output>
        </test-method> <!-- browserLaunch -->
        <test-method signature="test_4()[pri:0, instance:automation_challenge.Test_4@53fe15ff]" started-at="2024-07-03T15:09:50 IST" name="test_4" finished-at="2024-07-03T15:09:50 IST" duration-ms="101" status="PASS">
          <reporter-output>
            <line>
              <![CDATA[First button is enabled]]>
            </line>
            <line>
              <![CDATA[Second button is disabled]]>
            </line>
          </reporter-output>
        </test-method> <!-- test_4 -->
        <test-method is-config="true" signature="quitBrowser()[pri:0, instance:automation_challenge.Test_4@53fe15ff]" started-at="2024-07-03T15:09:50 IST" name="quitBrowser" finished-at="2024-07-03T15:09:51 IST" duration-ms="250" status="PASS">
          <reporter-output>
          </reporter-output>
        </test-method> <!-- quitBrowser -->
      </class> <!-- automation_challenge.Test_4 -->
      <class name="automation_challenge.Test_5">
        <test-method is-config="true" signature="browserLaunch()[pri:0, instance:automation_challenge.Test_5@449a4f23]" started-at="2024-07-03T15:09:51 IST" name="browserLaunch" finished-at="2024-07-03T15:09:52 IST" duration-ms="1626" status="PASS">
          <reporter-output>
          </reporter-output>
        </test-method> <!-- browserLaunch -->
        <test-method signature="test_5()[pri:0, instance:automation_challenge.Test_5@449a4f23]" started-at="2024-07-03T15:09:52 IST" name="test_5" finished-at="2024-07-03T15:09:56 IST" duration-ms="4163" status="PASS">
          <reporter-output>
            <line>
              <![CDATA[Success message is displayed-->You clicked a button!]]>
            </line>
            <line>
              <![CDATA[Button is disabled]]>
            </line>
          </reporter-output>
        </test-method> <!-- test_5 -->
        <test-method is-config="true" signature="quitBrowser()[pri:0, instance:automation_challenge.Test_5@449a4f23]" started-at="2024-07-03T15:09:56 IST" name="quitBrowser" finished-at="2024-07-03T15:09:57 IST" duration-ms="337" status="PASS">
          <reporter-output>
          </reporter-output>
        </test-method> <!-- quitBrowser -->
      </class> <!-- automation_challenge.Test_5 -->
      <class name="automation_challenge.Test_2">
        <test-method is-config="true" signature="browserLaunch()[pri:0, instance:automation_challenge.Test_2@76a4ebf2]" started-at="2024-07-03T15:09:42 IST" name="browserLaunch" finished-at="2024-07-03T15:09:44 IST" duration-ms="1598" status="PASS">
          <reporter-output>
          </reporter-output>
        </test-method> <!-- browserLaunch -->
        <test-method signature="test_2()[pri:0, instance:automation_challenge.Test_2@76a4ebf2]" started-at="2024-07-03T15:09:44 IST" name="test_2" finished-at="2024-07-03T15:09:44 IST" duration-ms="115" status="PASS">
          <reporter-output>
            <line>
              <![CDATA[Three values present in the listgroup]]>
            </line>
            <line>
              <![CDATA[Second list item value is List Item 2]]>
            </line>
            <line>
              <![CDATA[Second list item's badge value is 6]]>
            </line>
          </reporter-output>
        </test-method> <!-- test_2 -->
        <test-method is-config="true" signature="quitBrowser()[pri:0, instance:automation_challenge.Test_2@76a4ebf2]" started-at="2024-07-03T15:09:44 IST" name="quitBrowser" finished-at="2024-07-03T15:09:44 IST" duration-ms="250" status="PASS">
          <reporter-output>
          </reporter-output>
        </test-method> <!-- quitBrowser -->
      </class> <!-- automation_challenge.Test_2 -->
      <class name="automation_challenge.Test_3">
        <test-method is-config="true" signature="browserLaunch()[pri:0, instance:automation_challenge.Test_3@2e8c1c9b]" started-at="2024-07-03T15:09:44 IST" name="browserLaunch" finished-at="2024-07-03T15:09:46 IST" duration-ms="1640" status="PASS">
          <reporter-output>
          </reporter-output>
        </test-method> <!-- browserLaunch -->
        <test-method signature="test_3()[pri:0, instance:automation_challenge.Test_3@2e8c1c9b]" started-at="2024-07-03T15:09:46 IST" name="test_3" finished-at="2024-07-03T15:09:48 IST" duration-ms="2257" status="PASS">
          <reporter-output>
            <line>
              <![CDATA[OPTION 1 IS SELECTED DEFAULTLY]]>
            </line>
            <line>
              <![CDATA[Option 3 selected]]>
            </line>
          </reporter-output>
        </test-method> <!-- test_3 -->
        <test-method is-config="true" signature="quitBrowser()[pri:0, instance:automation_challenge.Test_3@2e8c1c9b]" started-at="2024-07-03T15:09:48 IST" name="quitBrowser" finished-at="2024-07-03T15:09:49 IST" duration-ms="378" status="PASS">
          <reporter-output>
          </reporter-output>
        </test-method> <!-- quitBrowser -->
      </class> <!-- automation_challenge.Test_3 -->
      <class name="automation_challenge.Test_1">
        <test-method is-config="true" signature="browserLaunch()[pri:0, instance:automation_challenge.Test_1@644baf4a]" started-at="2024-07-03T15:09:37 IST" name="browserLaunch" finished-at="2024-07-03T15:09:41 IST" duration-ms="3773" status="PASS">
          <reporter-output>
          </reporter-output>
        </test-method> <!-- browserLaunch -->
        <test-method signature="test_1()[pri:0, instance:automation_challenge.Test_1@644baf4a]" started-at="2024-07-03T15:09:41 IST" name="test_1" finished-at="2024-07-03T15:09:42 IST" duration-ms="1164" status="PASS">
          <reporter-output>
          </reporter-output>
        </test-method> <!-- test_1 -->
        <test-method is-config="true" signature="quitBrowser()[pri:0, instance:automation_challenge.Test_1@644baf4a]" started-at="2024-07-03T15:09:42 IST" name="quitBrowser" finished-at="2024-07-03T15:09:42 IST" duration-ms="269" status="PASS">
          <reporter-output>
          </reporter-output>
        </test-method> <!-- quitBrowser -->
      </class> <!-- automation_challenge.Test_1 -->
    </test> <!-- Test -->
  </suite> <!-- Suite -->
</testng-results>
